
/home/runner/work/exp-dc-linear-powerflow-iitr/exp-dc-linear-powerflow-iitr/experiment/simulation/script.js
    2:29  warning  'Y' is assigned a value but never used                  no-unused-vars
   41:11  warning  'autofillFiveBusNetwork' is defined but never used      no-unused-vars
   63:10  warning  'autofillFourteenBusNetwork' is defined but never used  no-unused-vars
  133:10  warning  'autofillSixLines' is defined but never used            no-unused-vars
  152:10  warning  'autofillTwentyLines' is defined but never used         no-unused-vars
  184:10  warning  'formatComplexNumber' is defined but never used         no-unused-vars
  191:10  warning  'calculateYbus' is defined but never used               no-unused-vars
  200:5   warning  'Bbus' is not defined                                   no-undef
  200:90  warning  'math' is not defined                                   no-undef
  210:27  warning  'math' is not defined                                   no-undef
  215:30  warning  'math' is not defined                                   no-undef
  216:17  warning  'tapSquare' is assigned a value but never used          no-unused-vars
  216:29  warning  'math' is not defined                                   no-undef
  218:13  warning  'Bbus' is not defined                                   no-undef
  218:30  warning  'math' is not defined                                   no-undef
  218:44  warning  'Bbus' is not defined                                   no-undef
  218:60  warning  'math' is not defined                                   no-undef
  219:13  warning  'Bbus' is not defined                                   no-undef
  219:30  warning  'Bbus' is not defined                                   no-undef
  223:35  warning  'math' is not defined                                   no-undef
  224:17  warning  'math' is not defined                                   no-undef
  225:17  warning  'math' is not defined                                   no-undef
  225:36  warning  'math' is not defined                                   no-undef
  229:33  warning  'math' is not defined                                   no-undef
  230:17  warning  'math' is not defined                                   no-undef
  231:17  warning  'math' is not defined                                   no-undef
  231:31  warning  'math' is not defined                                   no-undef
  235:13  warning  'Bbus' is not defined                                   no-undef
  235:32  warning  'math' is not defined                                   no-undef
  235:41  warning  'Bbus' is not defined                                   no-undef
  236:13  warning  'Bbus' is not defined                                   no-undef
  236:28  warning  'math' is not defined                                   no-undef
  236:37  warning  'Bbus' is not defined                                   no-undef
  242:13  warning  'Bbus' is not defined                                   no-undef
  242:30  warning  'math' is not defined                                   no-undef
  242:44  warning  'Bbus' is not defined                                   no-undef
  243:13  warning  'Bbus' is not defined                                   no-undef
  243:30  warning  'Bbus' is not defined                                   no-undef
  245:13  warning  'Bbus' is not defined                                   no-undef
  245:32  warning  'math' is not defined                                   no-undef
  245:41  warning  'Bbus' is not defined                                   no-undef
  246:13  warning  'Bbus' is not defined                                   no-undef
  246:28  warning  'math' is not defined                                   no-undef
  246:37  warning  'Bbus' is not defined                                   no-undef
  252:26  warning  'Bbus' is not defined                                   no-undef
  260:23  warning  'Bbus' is not defined                                   no-undef
  264:12  warning  'i' is already defined                                  no-redeclare
  264:23  warning  'Bbus' is not defined                                   no-undef
  266:27  warning  'Bbus' is not defined                                   no-undef
  267:29  warning  'math' is not defined                                   no-undef
  267:37  warning  'Bbus' is not defined                                   no-undef
  278:10  warning  'runLoadFlow' is defined but never used                 no-unused-vars
  289:7   warning  'numLines' is assigned a value but never used           no-unused-vars
  291:5   warning  'type' is assigned a value but never used               no-unused-vars
  293:5   warning  'Qg' is assigned a value but never used                 no-unused-vars
  295:5   warning  'Qd' is assigned a value but never used                 no-unused-vars
  296:5   warning  'Qmin' is assigned a value but never used               no-unused-vars
  297:5   warning  'Qmax' is assigned a value but never used               no-unused-vars
  304:11  warning  'math' is not defined                                   no-undef
  310:14  warning  'math' is not defined                                   no-undef
  315:28  warning  'Bbus' is not defined                                   no-undef
  320:27  warning  'math' is not defined                                   no-undef
  323:21  warning  'math' is not defined                                   no-undef
  326:16  warning  'math' is not defined                                   no-undef
  336:26  warning  'math' is not defined                                   no-undef
  343:40  warning  'math' is not defined                                   no-undef
  350:20  warning  'math' is not defined                                   no-undef
  350:34  warning  'Bbus' is not defined                                   no-undef
  387:22  warning  'k' is defined but never used                           no-unused-vars
  390:12  warning  'math' is not defined                                   no-undef
  390:27  warning  'math' is not defined                                   no-undef
  391:12  warning  'math' is not defined                                   no-undef
  406:17  warning  'math' is not defined                                   no-undef
  407:9   warning  'math' is not defined                                   no-undef
  407:40  warning  'math' is not defined                                   no-undef
  408:9   warning  'math' is not defined                                   no-undef
  408:23  warning  'math' is not defined                                   no-undef
  408:32  warning  'math' is not defined                                   no-undef
  412:17  warning  'math' is not defined                                   no-undef
  415:12  warning  'math' is not defined                                   no-undef
  415:43  warning  'math' is not defined                                   no-undef
  415:53  warning  'math' is not defined                                   no-undef
  421:17  warning  'math' is not defined                                   no-undef
  422:9   warning  'math' is not defined                                   no-undef
  423:9   warning  'math' is not defined                                   no-undef
  427:17  warning  'math' is not defined                                   no-undef
  428:9   warning  'math' is not defined                                   no-undef
  428:18  warning  'math' is not defined                                   no-undef
  428:30  warning  'math' is not defined                                   no-undef
  428:63  warning  'math' is not defined                                   no-undef
  432:12  warning  'math' is not defined                                   no-undef
  432:41  warning  'math' is not defined                                   no-undef
  432:51  warning  'math' is not defined                                   no-undef
  437:23  warning  'math' is not defined                                   no-undef
  438:23  warning  'math' is not defined                                   no-undef
  445:19  warning  'math' is not defined                                   no-undef
  445:44  warning  'math' is not defined                                   no-undef
  455:63  warning  'TotalP_loss' is defined but never used                 no-unused-vars
  463:19  warning  'math' is not defined                                   no-undef

✖ 99 problems (0 errors, 99 warnings)

